<?xml version="1.0" encoding="UTF-8"?>
<testsuite name="agh.ics.oop.GrassFieldTest" tests="2" skipped="0" failures="0" errors="0" timestamp="2021-12-02T15:46:03" hostname="DESKTOP-6EKH438" time="0.019">
  <properties/>
  <testcase name="engineTest()" classname="agh.ics.oop.GrassFieldTest" time="0.018"/>
  <testcase name="placeTest()" classname="agh.ics.oop.GrassFieldTest" time="0.001"/>
  <system-out><![CDATA[]]></system-out>
  <system-err><![CDATA[]]></system-err>
</testsuite>
